INFO 2025-04-09 15:23:00 FaceAlignModelLoader.py: 16] Start to analyze the face landmark model, model path: models, model category: face_alignment，model name: face_alignment_1.0
INFO 2025-04-09 15:23:00 BaseModelLoader.py: 34] Successfully parsed the model configuration file meta.json!
INFO 2025-04-09 15:23:01 FaceAlignModelLoader.py: 31] Successfully loaded the face landmark model!
INFO 2025-04-09 15:23:01 FaceRecModelLoader.py: 16] Start to analyze the face recognition model, model path: models, model category: face_recognition，model name: face_recognition_1.0
INFO 2025-04-09 15:23:01 BaseModelLoader.py: 34] Successfully parsed the model configuration file meta.json!
INFO 2025-04-09 15:23:01 FaceRecModelLoader.py: 34] Successfully loaded the face recognition model!
INFO 2025-04-09 15:23:46 FaceDetModelLoader.py: 16] Start to analyze the face detection model, model path: models, model category: face_detection，model name: face_detection_1.0
INFO 2025-04-09 15:23:46 BaseModelLoader.py: 34] Successfully parsed the model configuration file meta.json!
INFO 2025-04-09 15:23:46 FaceDetModelLoader.py: 36] Successfully loaded the face detection model!
INFO 2025-04-09 15:23:46 FaceAlignModelLoader.py: 16] Start to analyze the face landmark model, model path: models, model category: face_alignment，model name: face_alignment_1.0
INFO 2025-04-09 15:23:46 BaseModelLoader.py: 34] Successfully parsed the model configuration file meta.json!
INFO 2025-04-09 15:23:47 FaceAlignModelLoader.py: 31] Successfully loaded the face landmark model!
INFO 2025-04-09 15:23:47 FaceRecModelLoader.py: 16] Start to analyze the face recognition model, model path: models, model category: face_recognition，model name: face_recognition_1.0
INFO 2025-04-09 15:23:47 BaseModelLoader.py: 34] Successfully parsed the model configuration file meta.json!
INFO 2025-04-09 15:23:47 FaceRecModelLoader.py: 34] Successfully loaded the face recognition model!
INFO 2025-04-09 16:46:54 FaceDetModelLoader.py: 16] Start to analyze the face detection model, model path: models, model category: face_detection，model name: face_detection_1.0
INFO 2025-04-09 16:46:54 BaseModelLoader.py: 34] Successfully parsed the model configuration file meta.json!
INFO 2025-04-09 16:46:56 FaceDetModelLoader.py: 36] Successfully loaded the face detection model!
INFO 2025-04-09 16:46:56 FaceAlignModelLoader.py: 16] Start to analyze the face landmark model, model path: models, model category: face_alignment，model name: face_alignment_1.0
INFO 2025-04-09 16:46:56 BaseModelLoader.py: 34] Successfully parsed the model configuration file meta.json!
INFO 2025-04-09 16:46:57 FaceAlignModelLoader.py: 31] Successfully loaded the face landmark model!
INFO 2025-04-09 16:46:57 FaceRecModelLoader.py: 16] Start to analyze the face recognition model, model path: models, model category: face_recognition，model name: face_recognition_1.0
INFO 2025-04-09 16:46:57 BaseModelLoader.py: 34] Successfully parsed the model configuration file meta.json!
INFO 2025-04-09 16:46:57 FaceRecModelLoader.py: 34] Successfully loaded the face recognition model!
INFO 2025-04-09 16:48:07 FaceDetModelLoader.py: 16] Start to analyze the face detection model, model path: models, model category: face_detection，model name: face_detection_1.0
INFO 2025-04-09 16:48:07 BaseModelLoader.py: 34] Successfully parsed the model configuration file meta.json!
INFO 2025-04-09 16:48:07 FaceDetModelLoader.py: 36] Successfully loaded the face detection model!
INFO 2025-04-09 16:48:07 FaceAlignModelLoader.py: 16] Start to analyze the face landmark model, model path: models, model category: face_alignment，model name: face_alignment_1.0
INFO 2025-04-09 16:48:07 BaseModelLoader.py: 34] Successfully parsed the model configuration file meta.json!
INFO 2025-04-09 16:48:07 FaceAlignModelLoader.py: 31] Successfully loaded the face landmark model!
INFO 2025-04-09 16:48:07 FaceRecModelLoader.py: 16] Start to analyze the face recognition model, model path: models, model category: face_recognition，model name: face_recognition_1.0
INFO 2025-04-09 16:48:07 BaseModelLoader.py: 34] Successfully parsed the model configuration file meta.json!
INFO 2025-04-09 16:48:07 FaceRecModelLoader.py: 34] Successfully loaded the face recognition model!
INFO 2025-04-09 18:00:22 FaceDetModelLoader.py: 16] Start to analyze the face detection model, model path: models, model category: face_detection，model name: face_detection_1.0
INFO 2025-04-09 18:00:22 BaseModelLoader.py: 34] Successfully parsed the model configuration file meta.json!
INFO 2025-04-09 18:00:23 FaceDetModelLoader.py: 36] Successfully loaded the face detection model!
INFO 2025-04-09 18:00:23 FaceAlignModelLoader.py: 16] Start to analyze the face landmark model, model path: models, model category: face_alignment，model name: face_alignment_1.0
INFO 2025-04-09 18:00:23 BaseModelLoader.py: 34] Successfully parsed the model configuration file meta.json!
INFO 2025-04-09 18:00:23 FaceAlignModelLoader.py: 31] Successfully loaded the face landmark model!
INFO 2025-04-09 18:00:23 FaceRecModelLoader.py: 16] Start to analyze the face recognition model, model path: models, model category: face_recognition，model name: face_recognition_1.0
INFO 2025-04-09 18:00:23 BaseModelLoader.py: 34] Successfully parsed the model configuration file meta.json!
INFO 2025-04-09 18:00:24 FaceRecModelLoader.py: 34] Successfully loaded the face recognition model!
